Build started 14.12.2013 19:33:37.
     1>Project "E:\Programming\3sem\laba8\laba8\laba8.vcxproj" on node 2 (build target(s)).
     1>InitializeBuildStatus:
         Creating "Debug\laba8.unsuccessfulbuild" because "AlwaysCreate" was specified.
       GenerateTargetFrameworkMonikerAttribute:
       Skipping target "GenerateTargetFrameworkMonikerAttribute" because all output files are up-to-date with respect to the input files.
       ClCompile:
         All outputs are up-to-date.
         C:\Program Files (x86)\Microsoft Visual Studio 10.0\VC\bin\CL.exe /c /AI"C:\Program Files (x86)\Reference Assemblies\Microsoft\Framework\.NETFramework\v4.0" /Zi /clr:pure /nologo /W3 /WX- /Od /Oy- /D WIN32 /D _DEBUG /D _UNICODE /D UNICODE /EHa /MDd /GS /fp:precise /Zc:wchar_t /Zc:forScope /Yu"StdAfx.h" /Fp"Debug\laba8.pch" /Fo"Debug\\" /Fd"Debug\vc100.pdb" /TP /FU"C:\Program Files (x86)\Reference Assemblies\Microsoft\Framework\.NETFramework\v4.0\System.Core.dll" /FU"C:\Program Files (x86)\Reference Assemblies\Microsoft\Framework\.NETFramework\v4.0\System.Data.dll" /FU"C:\Program Files (x86)\Reference Assemblies\Microsoft\Framework\.NETFramework\v4.0\System.dll" /FU"C:\Program Files (x86)\Reference Assemblies\Microsoft\Framework\.NETFramework\v4.0\System.Drawing.dll" /FU"C:\Program Files (x86)\Reference Assemblies\Microsoft\Framework\.NETFramework\v4.0\System.Windows.Forms.dll" /FU"C:\Program Files (x86)\Reference Assemblies\Microsoft\Framework\.NETFramework\v4.0\System.Xml.dll" /analyze- /errorReport:prompt laba8.cpp /clr:nostdlib 
         laba8.cpp
     1>e:\programming\3sem\laba8\laba8\Form1.h(102): warning C4244: 'argument' : conversion from 'int' to 'float', possible loss of data
     1>e:\programming\3sem\laba8\laba8\Form1.h(102): warning C4244: 'argument' : conversion from 'int' to 'float', possible loss of data
     1>e:\programming\3sem\laba8\laba8\Form1.h(103): warning C4244: 'argument' : conversion from 'int' to 'float', possible loss of data
     1>e:\programming\3sem\laba8\laba8\Form1.h(105): warning C4101: 'y0' : unreferenced local variable
     1>e:\programming\3sem\laba8\laba8\Form1.h(105): warning C4101: 'x0' : unreferenced local variable
         All outputs are up-to-date.
       CoreResGen:
         All outputs are up-to-date.
       ResourceCompile:
         All outputs are up-to-date.
       Link:
         C:\Program Files (x86)\Microsoft Visual Studio 10.0\VC\bin\link.exe /ERRORREPORT:PROMPT /OUT:"E:\Programming\3sem\laba8\Debug\laba8.exe" /INCREMENTAL /NOLOGO /ASSEMBLYRESOURCE:Debug\laba8.Form1.resources /MANIFEST /ManifestFile:"Debug\laba8.exe.intermediate.manifest" /MANIFESTUAC:"level='asInvoker' uiAccess='false'" /DEBUG /PDB:"E:\Programming\3sem\laba8\Debug\laba8.pdb" /ASSEMBLYDEBUG /SUBSYSTEM:WINDOWS /TLBID:1 /ENTRY:"main" /DYNAMICBASE /FIXED:NO /NXCOMPAT /MACHINE:X86 Debug\app.res
         Debug\AssemblyInfo.obj
         Debug\laba8.obj
         Debug\stdafx.obj
         "Debug\.NETFramework,Version=v4.0.AssemblyAttributes.obj"
         laba8.vcxproj -> E:\Programming\3sem\laba8\Debug\laba8.exe
       Manifest:
         C:\Program Files (x86)\Microsoft SDKs\Windows\v7.0A\bin\mt.exe /nologo /verbose /outputresource:"E:\Programming\3sem\laba8\Debug\laba8.exe;#1" /manifest Debug\laba8.exe.intermediate.manifest
       FinalizeBuildStatus:
         Deleting file "Debug\laba8.unsuccessfulbuild".
         Touching "Debug\laba8.lastbuildstate".
     1>Done Building Project "E:\Programming\3sem\laba8\laba8\laba8.vcxproj" (build target(s)).

Build succeeded.

Time Elapsed 00:00:01.02
